#
# A fatal error has been detected by the Java Runtime Environment:
#
#  EXCEPTION_GUARD_PAGE (0x80000001) at pc=0x6d90d1fd, pid=1132, tid=500
#
# JRE version: 6.0_20-b02
# Java VM: Java HotSpot(TM) Client VM (16.3-b01 mixed mode windows-x86 )
# Problematic frame:
# V  [jvm.dll+0x10d1fd]
#
# If you would like to submit a bug report, please visit:
#   http://java.sun.com/webapps/bugreport/crash.jsp
#

---------------  T H R E A D  ---------------

Current thread (0x01b9ac00):  JavaThread "JDWP Transport Listener: dt_socket" daemon [_thread_in_vm, id=500, stack(0x17e20000,0x17e70000)]

siginfo: ExceptionCode=0x80000001, ExceptionInformation=0x00000000 0x003b6568 

Registers:
EAX=0x003b6568, EBX=0x00000000, ECX=0x000071ee, EDX=0x00000000
ESP=0x17e6fc14, EBP=0x17e6fc18, ESI=0x01b9ac00, EDI=0x01ae1730
EIP=0x6d90d1fd, EFLAGS=0x00010202

Top of Stack: (sp=0x17e6fc14)
0x17e6fc14:   01b9ac00 17e6fc40 6d932e02 003b6568
0x17e6fc24:   17e6fcc4 17e6fc7b 01b9ac00 00000000
0x17e6fc34:   00000000 00000000 01b9ac00 17e6fc7c
0x17e6fc44:   6d39976e 01ae1730 003b6568 17e6fc7b
0x17e6fc54:   003b6568 6d3842c9 003b6568 17e6fc7b
0x17e6fc64:   00000005 00000000 00000000 00000009
0x17e6fc74:   00000000 00e6fc9c 17e6fc9c 6d384434
0x17e6fc84:   00000001 17e6fcb8 17e6fe54 6d3a2b02 

Instructions: (pc=0x6d90d1fd)
0x6d90d1ed:   cc cc cc 55 8b ec 8b 45 08 85 c0 75 02 5d c3 56
0x6d90d1fd:   8b 30 8b 46 04 8d 48 08 8b 01 ff 90 94 00 00 00 


Stack: [0x17e20000,0x17e70000],  sp=0x17e6fc14,  free space=13f17e6f770k
Native frames: (J=compiled Java code, j=interpreted, Vv=VM code, C=native code)
V  [jvm.dll+0x10d1fd]
V  [jvm.dll+0x132e02]
C  [jdwp.dll+0x1976e]
C  [jdwp.dll+0x4434]
C  [jdwp.dll+0x4472]
C  [jdwp.dll+0x17d53]
V  [jvm.dll+0x17f96c]
C  [msvcr71.dll+0x9565]
C  [kernel32.dll+0x51194]
C  [ntdll.dll+0x5b3f5]
C  [ntdll.dll+0x5b3c8]


---------------  P R O C E S S  ---------------

Java Threads: ( => current thread )
  0x18856800 JavaThread "SunTileScheduler0Standard1" daemon [_thread_blocked, id=5608, stack(0x1afa0000,0x1aff0000)]
  0x18856000 JavaThread "SunTileScheduler0Standard0" daemon [_thread_blocked, id=5536, stack(0x18f80000,0x18fd0000)]
  0x18855000 JavaThread "D3D Screen Updater" daemon [_thread_blocked, id=5168, stack(0x18f30000,0x18f80000)]
  0x019c9400 JavaThread "DestroyJavaVM" [_thread_blocked, id=5156, stack(0x00370000,0x003c0000)]
  0x187ba800 JavaThread "AWT-EventQueue-0" [_thread_blocked, id=5968, stack(0x18d40000,0x18d90000)]
  0x18843400 JavaThread "AWT-Windows" daemon [_thread_in_native, id=1396, stack(0x18b90000,0x18be0000)]
  0x18519400 JavaThread "AWT-Shutdown" [_thread_blocked, id=3240, stack(0x18b40000,0x18b90000)]
  0x18519000 JavaThread "Java2D Disposer" daemon [_thread_blocked, id=2508, stack(0x18570000,0x185c0000)]
  0x01bbd400 JavaThread "Low Memory Detector" daemon [_thread_blocked, id=2468, stack(0x180a0000,0x180f0000)]
  0x01bb4800 JavaThread "CompilerThread0" daemon [_thread_blocked, id=3984, stack(0x17fd0000,0x18020000)]
  0x01ba0800 JavaThread "JDWP Command Reader" daemon [_thread_in_native, id=4132, stack(0x17f20000,0x17f70000)]
  0x01b9f800 JavaThread "JDWP Event Helper Thread" daemon [_thread_blocked, id=5176, stack(0x17e70000,0x17ec0000)]
=>0x01b9ac00 JavaThread "JDWP Transport Listener: dt_socket" daemon [_thread_in_vm, id=500, stack(0x17e20000,0x17e70000)]
  0x01b6ac00 JavaThread "Attach Listener" daemon [_thread_blocked, id=5980, stack(0x17d70000,0x17dc0000)]
  0x01b67c00 JavaThread "Signal Dispatcher" daemon [_thread_blocked, id=6132, stack(0x17d20000,0x17d70000)]
  0x01b5e000 JavaThread "Finalizer" daemon [_thread_blocked, id=2004, stack(0x17cd0000,0x17d20000)]
  0x01b59400 JavaThread "Reference Handler" daemon [_thread_blocked, id=3588, stack(0x17c80000,0x17cd0000)]

Other Threads:
  0x01b56400 VMThread [stack: 0x17c30000,0x17c80000] [id=1144]
  0x01bc0800 WatcherThread [stack: 0x18170000,0x181c0000] [id=5144]

VM state:not at safepoint (normal execution)

VM Mutex/Monitor currently owned by a thread: None

Heap
 def new generation   total 4928K, used 907K [0x03bd0000, 0x04120000, 0x09120000)
  eden space 4416K,   8% used [0x03bd0000, 0x03c32f38, 0x04020000)
  from space 512K, 100% used [0x040a0000, 0x04120000, 0x04120000)
  to   space 512K,   0% used [0x04020000, 0x04020000, 0x040a0000)
 tenured generation   total 10944K, used 952K [0x09120000, 0x09bd0000, 0x13bd0000)
   the space 10944K,   8% used [0x09120000, 0x0920e140, 0x0920e200, 0x09bd0000)
 compacting perm gen  total 12288K, used 8250K [0x13bd0000, 0x147d0000, 0x17bd0000)
   the space 12288K,  67% used [0x13bd0000, 0x143de8c0, 0x143dea00, 0x147d0000)
No shared spaces configured.

Dynamic libraries:
0x00400000 - 0x00424000 	C:\Program Files\Java\jre6\bin\javaw.exe
0x779b0000 - 0x77aec000 	C:\Windows\SYSTEM32\ntdll.dll
0x77840000 - 0x77914000 	C:\Windows\system32\kernel32.dll
0x75b80000 - 0x75bca000 	C:\Windows\system32\KERNELBASE.dll
0x77b40000 - 0x77be0000 	C:\Windows\system32\ADVAPI32.dll
0x762f0000 - 0x7639c000 	C:\Windows\system32\msvcrt.dll
0x75fe0000 - 0x75ff9000 	C:\Windows\SYSTEM32\sechost.dll
0x76540000 - 0x765e1000 	C:\Windows\system32\RPCRT4.dll
0x77640000 - 0x77709000 	C:\Windows\system32\USER32.dll
0x777f0000 - 0x7783e000 	C:\Windows\system32\GDI32.dll
0x75fd0000 - 0x75fda000 	C:\Windows\system32\LPK.dll
0x76650000 - 0x766ed000 	C:\Windows\system32\USP10.dll
0x762d0000 - 0x762ef000 	C:\Windows\system32\IMM32.DLL
0x76200000 - 0x762cc000 	C:\Windows\system32\MSCTF.dll
0x7c340000 - 0x7c396000 	C:\Program Files\Java\jre6\bin\msvcr71.dll
0x6d800000 - 0x6da97000 	C:\Program Files\Java\jre6\bin\client\jvm.dll
0x73d90000 - 0x73dc2000 	C:\Windows\system32\WINMM.dll
0x75a30000 - 0x75a7b000 	C:\Windows\system32\apphelp.dll
0x6d7b0000 - 0x6d7bc000 	C:\Program Files\Java\jre6\bin\verify.dll
0x6d330000 - 0x6d34f000 	C:\Program Files\Java\jre6\bin\java.dll
0x6d290000 - 0x6d298000 	C:\Program Files\Java\jre6\bin\hpi.dll
0x765f0000 - 0x765f5000 	C:\Windows\system32\PSAPI.DLL
0x6d380000 - 0x6d3a9000 	C:\Program Files\Java\jre6\bin\jdwp.dll
0x6d6a0000 - 0x6d6a6000 	C:\Program Files\Java\jre6\bin\npt.dll
0x6d7f0000 - 0x6d7ff000 	C:\Program Files\Java\jre6\bin\zip.dll
0x6d200000 - 0x6d207000 	C:\Program Files\Java\jre6\bin\dt_socket.dll
0x76500000 - 0x76535000 	C:\Windows\system32\WS2_32.dll
0x77b30000 - 0x77b36000 	C:\Windows\system32\NSI.dll
0x73d10000 - 0x73d20000 	C:\Windows\system32\NLAapi.dll
0x75570000 - 0x755ac000 	C:\Windows\System32\mswsock.dll
0x75430000 - 0x75474000 	C:\Windows\system32\DNSAPI.dll
0x71400000 - 0x71408000 	C:\Windows\System32\winrnr.dll
0x713f0000 - 0x71400000 	C:\Windows\system32\napinsp.dll
0x713d0000 - 0x713e2000 	C:\Windows\system32\pnrpnsp.dll
0x713a0000 - 0x713c5000 	C:\Program Files\Bonjour\mdnsNSP.dll
0x73960000 - 0x7397c000 	C:\Windows\system32\Iphlpapi.DLL
0x73950000 - 0x73957000 	C:\Windows\system32\WINNSI.DLL
0x73830000 - 0x73868000 	C:\Windows\System32\fwpuclnt.dll
0x712f0000 - 0x712f6000 	C:\Windows\system32\rasadhlp.dll
0x75090000 - 0x75095000 	C:\Windows\System32\wshtcpip.dll
0x6d000000 - 0x6d14a000 	C:\Program Files\Java\jre6\bin\awt.dll
0x71ae0000 - 0x71b31000 	C:\Windows\system32\WINSPOOL.DRV
0x763a0000 - 0x764fc000 	C:\Windows\system32\ole32.dll
0x74a90000 - 0x74c2e000 	C:\Windows\WinSxS\x86_microsoft.windows.common-controls_6595b64144ccf1df_6.0.7600.16385_none_421189da2b7fabfc\COMCTL32.dll
0x77710000 - 0x77767000 	C:\Windows\system32\SHLWAPI.dll
0x6d450000 - 0x6d474000 	C:\Program Files\Java\jre6\bin\jpeg.dll
0x74500000 - 0x74513000 	C:\Windows\system32\DWMAPI.DLL
0x74a30000 - 0x74a70000 	C:\Windows\system32\uxtheme.dll
0x70460000 - 0x704c9000 	C:\Windows\system32\IMKR12.IME
0x769f0000 - 0x77639000 	C:\Windows\system32\SHELL32.dll
0x75f40000 - 0x75fcf000 	C:\Windows\system32\OLEAUT32.dll
0x71300000 - 0x7139b000 	C:\Windows\WinSxS\x86_microsoft.vc80.crt_1fc8b3b9a1e18e3b_8.0.50727.4927_none_d08a205e442db5b5\MSVCR80.dll
0x703d0000 - 0x70457000 	C:\Windows\WinSxS\x86_microsoft.vc80.crt_1fc8b3b9a1e18e3b_8.0.50727.4927_none_d08a205e442db5b5\MSVCP80.dll
0x75a80000 - 0x75a8c000 	C:\Windows\system32\CRYPTBASE.dll
0x6d230000 - 0x6d284000 	C:\Program Files\Java\jre6\bin\fontmanager.dll
0x66d60000 - 0x66f23000 	C:\Windows\system32\d3d9.dll
0x75000000 - 0x75009000 	C:\Windows\system32\VERSION.dll
0x708a0000 - 0x708a6000 	C:\Windows\system32\d3d8thk.dll
0x6c400000 - 0x6cb5c000 	C:\Windows\system32\nvd3dum.dll
0x746b0000 - 0x746d5000 	C:\Windows\system32\powrprof.dll
0x76000000 - 0x7619d000 	C:\Windows\system32\SETUPAPI.dll
0x75c90000 - 0x75cb7000 	C:\Windows\system32\CFGMGR32.dll
0x75cc0000 - 0x75cd2000 	C:\Windows\system32\DEVOBJ.dll
0x77920000 - 0x779a3000 	C:\Windows\system32\CLBCatQ.DLL
0x6f090000 - 0x6f12a000 	C:\PROGRA~1\COMMON~1\MICROS~1\IME12\IMEKR\IMKRTIP.DLL
0x6efe0000 - 0x6f085000 	C:\PROGRA~1\COMMON~1\MICROS~1\IME12\SHARED\IMETIP.DLL
0x6efb0000 - 0x6efd2000 	C:\PROGRA~1\COMMON~1\MICROS~1\IME12\IMEKR\IMKRAPI.DLL
0x6ef80000 - 0x6efad000 	C:\PROGRA~1\COMMON~1\MICROS~1\IME12\SHARED\IMJKAPI.DLL
0x18350000 - 0x18357000 	C:\Program Files\TCB Networks\StrokeIt\mhook.dll

VM Arguments:
jvm_args: -agentlib:jdwp=transport=dt_socket,suspend=y,address=localhost:52227 -Dfile.encoding=MS949 
java_command: com.devian.jai.JAIDemo mask D:\Dev\java\sample.jpg D:\Dev\java\mask1.jpg D:\Dev\java\mask2.jpg resize D:\Dev\java\sample.jpg 0.5
Launcher Type: SUN_STANDARD

Environment Variables:
CLASSPATH=.;C:\Program Files\Java\jre6\lib\ext\QTJava.zip
PATH=C:/Program Files/Java/jre6/bin/client;C:/Program Files/Java/jre6/bin;C:\Program Files\PC Connectivity Solution\;C:\Windows\system32;C:\Windows;C:\Windows\System32\Wbem;C:\Windows\System32\WindowsPowerShell\v1.0;C:\Program Files\ESTsoft\ALZip;D:\Dev\android-sdk-windows\tools;C:\Program Files\QuickTime\QTSystem\;C:\Program Files\ESTsoft\ALZip
USERNAME=Devian
OS=Windows_NT
PROCESSOR_IDENTIFIER=x86 Family 6 Model 23 Stepping 10, GenuineIntel



---------------  S Y S T E M  ---------------

OS: Windows 7 Build 7600 

CPU:total 2 (2 cores per cpu, 1 threads per core) family 6 model 23 stepping 10, cmov, cx8, fxsr, mmx, sse, sse2, sse3, ssse3, sse4.1

Memory: 4k page, physical 2096312k(883156k free), swap 4192624k(2085076k free)

vm_info: Java HotSpot(TM) Client VM (16.3-b01) for windows-x86 JRE (1.6.0_20-b02), built on Apr 12 2010 13:52:23 by "java_re" with MS VC++ 7.1 (VS2003)

time: Sun May 23 00:33:50 2010
elapsed time: 184 seconds

